<?xml version="1.0" encoding="UTF-8"?>
<testsuite name="hello.hello_spring.service.MemberServiceTest" tests="1" skipped="0" failures="0" errors="0" timestamp="2024-10-08T18:32:06" hostname="DESKTOP-N7R7F0K" time="0.027">
  <properties/>
  <testcase name="회원가입()" classname="hello.hello_spring.service.MemberServiceTest" time="0.027"/>
  <system-out><![CDATA[]]></system-out>
  <system-err><![CDATA[]]></system-err>
</testsuite>
